<?xml version="1.0" encoding="UTF-8"?>
<!-- Generated by org.testng.reporters.JUnitReportReporter -->
<testsuite hostname="DESKTOP-0GVGS1M" failures="0" tests="1" name="com.TestCases.RegisterPageTest" time="9.932" errors="0" timestamp="19 Mar 2019 04:35:42 GMT" skipped="0">
  <testcase classname="com.TestCases.RegisterPageTest" name="CreateNewOrder" time="9.932"/>
</testsuite> <!-- com.TestCases.RegisterPageTest -->
